#
# A fatal error has been detected by the Java Runtime Environment:
#
#  SIGSEGV (0xb) at pc=0x000000010ff5a484, pid=1896, tid=0x0000000000004a07
#
# JRE version: Java(TM) SE Runtime Environment (8.0_121-b13) (build 1.8.0_121-b13)
# Java VM: Java HotSpot(TM) 64-Bit Server VM (25.121-b13 mixed mode bsd-amd64 compressed oops)
# Problematic frame:
# V  [libjvm.dylib+0x35a484]
#
# Failed to write core dump. Core dumps have been disabled. To enable core dumping, try "ulimit -c unlimited" before starting Java again
#
# If you would like to submit a bug report, please visit:
#   http://bugreport.java.com/bugreport/crash.jsp
#

---------------  T H R E A D  ---------------

Current thread (0x00007fc0ff807000):  JavaThread "JDWP Transport Listener: dt_socket" daemon [_thread_in_vm, id=18951, stack(0x000070000d3bb000,0x000070000d4bb000)]

siginfo: si_signo: 11 (SIGSEGV), si_code: 1 (SEGV_MAPERR), si_addr: 0x00000000f8011ce6

Registers:
RAX=0x000000011043daa0, RBX=0x000070000d4baa4f, RCX=0xfefefefefefefe03, RDX=0x000070000d4baa4f
RSP=0x000070000d4ba9d0, RBP=0x000070000d4baa20, RSI=0x00000007c0001ef8, RDI=0x00007fc0fdd0f720
R8 =0x0000000000000004, R9 =0x0000000000000001, R10=0x00000000c0000000, R11=0x00000000000000dd
R12=0x00007fc0ff807000, R13=0x00007fc0fdd2b5a0, R14=0x00000000f8011cde, R15=0x00007fc0fdd0f720
RIP=0x000000010ff5a484, EFLAGS=0x0000000000010202, ERR=0x0000000000000004
  TRAPNO=0x000000000000000e

Top of Stack: (sp=0x000070000d4ba9d0)
0x000070000d4ba9d0:   00007fc0ff807000 0000000000000000
0x000070000d4ba9e0:   0000000100000000 0000000000000000
0x000070000d4ba9f0:   00007fc0ff807000 00007fc0ff807000
0x000070000d4baa00:   00007fc0fdd2b6e0 000000010ea9522d
0x000070000d4baa10:   00007fc0ff8071f8 000000010ea95218
0x000070000d4baa20:   000070000d4baa60 000000010ea90da3
0x000070000d4baa30:   000070000d4baa60 00007fc0ff807000
0x000070000d4baa40:   00007fc0ff807000 00007fc0fdd2b5a0
0x000070000d4baa50:   00007fc0fdd2b5a0 00007fc0ff8071f8
0x000070000d4baa60:   000070000d4baa80 000000010ea9122b
0x000070000d4baa70:   000070000d4bab08 0000000000000000
0x000070000d4baa80:   000070000d4baae0 000000010ea70bf4
0x000070000d4baa90:   0000000c0d4bab08 00007fc0fdf075f8
0x000070000d4baaa0:   000000010d4baac0 00007fc0ff8071f8
0x000070000d4baab0:   00007fc0fdf25dc0 000070000d4bac90
0x000070000d4baac0:   000000010ea96df0 00007fc0fdd4faa0
0x000070000d4baad0:   000070000d4bab08 000000010eaa2598
0x000070000d4baae0:   000070000d4bad00 000000010ea7d780
0x000070000d4baaf0:   000026e20000001b 0000000000020d00
0x000070000d4bab00:   00007fc0fdd4fbc0 000070000d4bab5d
0x000070000d4bab10:   0000000000000127 000070000d4bab20
0x000070000d4bab20:   0000040000000005 000070000d4bab58
0x000070000d4bab30:   0000000000000000 00007f0000000000
0x000070000d4bab40:   000026e200000019 00007fc00000ae80
0x000070000d4bab50:   000070000d4bab58 00004c010000004c
0x000070000d4bab60:   7e00000000000000 0000000011000000
0x000070000d4bab70:   3200000000000000 0800000000000000
0x000070000d4bab80:   0000000033000000 3400000010000000
0x000070000d4bab90:   1400000000000000 0000000035000000
0x000070000d4baba0:   3300000019000000 1f00000000000000
0x000070000d4babb0:   0000000038000000 3900000027000000
0x000070000d4babc0:   2c00000000000000 000000003b000000 

Instructions: (pc=0x000000010ff5a484)
0x000000010ff5a464:   8d 05 ba c9 58 00 80 38 00 48 8d 05 bc 7e 59 00
0x000000010ff5a474:   48 8b 70 18 74 16 48 8d 05 1f 36 4e 00 8a 48 08
0x000000010ff5a484:   41 8b 7e 08 48 d3 e7 48 03 38 eb 04 49 8b 7e 08
0x000000010ff5a494:   e8 1f 6a 0f 00 84 c0 74 9b 48 85 db 75 07 b8 64 

Register to memory mapping:

RAX=0x000000011043daa0: _ZN8Universe13_narrow_klassE+0 in /Library/Java/JavaVirtualMachines/jdk1.8.0_121.jdk/Contents/Home/jre/lib/server/libjvm.dylib at 0x000000010fc00000
RBX=0x000070000d4baa4f is pointing into the stack for thread: 0x00007fc0ff807000
RCX=0xfefefefefefefe03 is an unknown value
RDX=0x000070000d4baa4f is pointing into the stack for thread: 0x00007fc0ff807000
RSP=0x000070000d4ba9d0 is pointing into the stack for thread: 0x00007fc0ff807000
RBP=0x000070000d4baa20 is pointing into the stack for thread: 0x00007fc0ff807000
RSI=0x00000007c0001ef8 is pointing into metadata
RDI=0x00007fc0fdd0f720 is an unknown value
R8 =0x0000000000000004 is an unknown value
R9 =0x0000000000000001 is an unknown value
R10=0x00000000c0000000 is an unknown value
R11=0x00000000000000dd is an unknown value
R12=0x00007fc0ff807000 is a thread
R13=0x00007fc0fdd2b5a0 is an unknown value
R14=0x00000000f8011cde is an unknown value
R15=0x00007fc0fdd0f720 is an unknown value


Stack: [0x000070000d3bb000,0x000070000d4bb000],  sp=0x000070000d4ba9d0,  free space=1022k
Native frames: (J=compiled Java code, j=interpreted, Vv=VM code, C=native code)
V  [libjvm.dylib+0x35a484]
C  [libjdwp.dylib+0x21da3]  isArrayClass+0x69
C  [libjdwp.dylib+0x2222b]  specificTypeKey+0x264
C  [libjdwp.dylib+0x1bf4]  getValues+0x29b
C  [libjdwp.dylib+0xe780]  debugLoop_run+0x1ce
C  [libjdwp.dylib+0x1f606]  attachThread+0x4d
V  [libjvm.dylib+0x39a318]
V  [libjvm.dylib+0x56ab0f]
V  [libjvm.dylib+0x56c1fc]
V  [libjvm.dylib+0x48a5b2]
C  [libsystem_pthread.dylib+0x36c1]  _pthread_body+0x154
C  [libsystem_pthread.dylib+0x356d]  _pthread_body+0x0
C  [libsystem_pthread.dylib+0x2c5d]  thread_start+0xd
C  0x0000000000000000


---------------  P R O C E S S  ---------------

Java Threads: ( => current thread )
  0x00007fc0fe800800 JavaThread "Service Thread" daemon [_thread_blocked, id=22531, stack(0x000070000dad0000,0x000070000dbd0000)]
  0x00007fc100016800 JavaThread "C1 CompilerThread3" daemon [_thread_blocked, id=22019, stack(0x000070000d9cd000,0x000070000dacd000)]
  0x00007fc100016000 JavaThread "C2 CompilerThread2" daemon [_thread_blocked, id=21507, stack(0x000070000d8ca000,0x000070000d9ca000)]
  0x00007fc100015000 JavaThread "C2 CompilerThread1" daemon [_thread_blocked, id=20995, stack(0x000070000d7c7000,0x000070000d8c7000)]
  0x00007fc100014800 JavaThread "C2 CompilerThread0" daemon [_thread_blocked, id=20483, stack(0x000070000d6c4000,0x000070000d7c4000)]
  0x00007fc0fe801800 JavaThread "JDWP Command Reader" daemon [_thread_in_native, id=19971, stack(0x000070000d5c1000,0x000070000d6c1000)]
  0x00007fc0ff808000 JavaThread "JDWP Event Helper Thread" daemon [_thread_blocked, id=19459, stack(0x000070000d4be000,0x000070000d5be000)]
=>0x00007fc0ff807000 JavaThread "JDWP Transport Listener: dt_socket" daemon [_thread_in_vm, id=18951, stack(0x000070000d3bb000,0x000070000d4bb000)]
  0x00007fc100020800 JavaThread "Signal Dispatcher" daemon [_thread_blocked, id=18443, stack(0x000070000d2b8000,0x000070000d3b8000)]
  0x00007fc0fe062000 JavaThread "Finalizer" daemon [_thread_blocked, id=15107, stack(0x000070000d1b5000,0x000070000d2b5000)]
  0x00007fc0ff804000 JavaThread "Reference Handler" daemon [_thread_blocked, id=14595, stack(0x000070000d0b2000,0x000070000d1b2000)]
  0x00007fc0fe009000 JavaThread "main" [_thread_blocked, id=6915, stack(0x000070000c694000,0x000070000c794000)]

Other Threads:
  0x00007fc0fe018800 VMThread [stack: 0x000070000cfaf000,0x000070000d0af000] [id=14083]
  0x00007fc0fe840800 WatcherThread [stack: 0x000070000dbd3000,0x000070000dcd3000] [id=23043]

VM state:not at safepoint (normal execution)

VM Mutex/Monitor currently owned by a thread: None

Heap:
 PSYoungGen      total 76288K, used 7864K [0x000000076ab00000, 0x0000000770000000, 0x00000007c0000000)
  eden space 65536K, 12% used [0x000000076ab00000,0x000000076b2ae180,0x000000076eb00000)
  from space 10752K, 0% used [0x000000076f580000,0x000000076f580000,0x0000000770000000)
  to   space 10752K, 0% used [0x000000076eb00000,0x000000076eb00000,0x000000076f580000)
 ParOldGen       total 175104K, used 0K [0x00000006c0000000, 0x00000006cab00000, 0x000000076ab00000)
  object space 175104K, 0% used [0x00000006c0000000,0x00000006c0000000,0x00000006cab00000)
 Metaspace       used 4787K, capacity 5232K, committed 5504K, reserved 1056768K
  class space    used 563K, capacity 595K, committed 640K, reserved 1048576K

Card table byte_map: [0x0000000110f62000,0x0000000111763000] byte_map_base: 0x000000010d962000

Marking Bits: (ParMarkBitMap*) 0x00000001104f0d30
 Begin Bits: [0x000000012888b000, 0x000000012c88b000)
 End Bits:   [0x000000012c88b000, 0x000000013088b000)

Polling page: 0x000000010ea6e000

CodeCache: size=245760Kb used=1748Kb max_used=1765Kb free=244011Kb
 bounds [0x000000011988b000, 0x0000000119afb000, 0x000000012888b000]
 total_blobs=513 nmethods=264 adapters=171
 compilation: enabled

Compilation events (10 events):
Event: 0.287 Thread 0x00007fc100016000  261   !   4       sun.misc.URLClassPath$JarLoader::getResource (85 bytes)
Event: 0.288 Thread 0x00007fc100016800  262  s    3       java.lang.StringBuffer::toString (36 bytes)
Event: 0.288 Thread 0x00007fc100016800 nmethod 262 0x0000000119a25050 code [0x0000000119a251e0, 0x0000000119a25688]
Event: 0.288 Thread 0x00007fc100016800  263       3       sun.net.www.protocol.file.Handler::parseURL (18 bytes)
Event: 0.289 Thread 0x00007fc100016800 nmethod 263 0x0000000119a24b50 code [0x0000000119a24cc0, 0x0000000119a24f38]
Event: 0.289 Thread 0x00007fc100016800  264       3       java.net.URLStreamHandler::parseURL (1193 bytes)
Event: 0.305 Thread 0x00007fc100016800 nmethod 264 0x0000000119a26310 code [0x0000000119a26ee0, 0x0000000119a30d28]
Event: 0.322 Thread 0x00007fc100014800 nmethod 238 0x0000000119a3b550 code [0x0000000119a3b860, 0x0000000119a3d6a0]
Event: 0.332 Thread 0x00007fc100015000 nmethod 247 0x0000000119a3ee50 code [0x0000000119a3f160, 0x0000000119a40e80]
Event: 0.340 Thread 0x00007fc100016000 nmethod 261 0x0000000119a42dd0 code [0x0000000119a430e0, 0x0000000119a44878]

GC Heap History (0 events):
No events

Deoptimization events (0 events):
No events

Internal exceptions (7 events):
Event: 0.028 Thread 0x00007fc0fe009000 Exception <a 'java/lang/NoSuchMethodError': Method sun.misc.Unsafe.defineClass(Ljava/lang/String;[BII)Ljava/lang/Class; name or signature does not match> (0x000000076ab07ca8) thrown at [/Users/java_re/workspace/8-2-build-macosx-x86_64/jdk8u121/8372/hotspo
Event: 0.028 Thread 0x00007fc0fe009000 Exception <a 'java/lang/NoSuchMethodError': Method sun.misc.Unsafe.prefetchRead(Ljava/lang/Object;J)V name or signature does not match> (0x000000076ab07f90) thrown at [/Users/java_re/workspace/8-2-build-macosx-x86_64/jdk8u121/8372/hotspot/src/share/vm/pri
Event: 0.132 Thread 0x00007fc0fe009000 Exception <a 'java/io/FileNotFoundException'> (0x000000076ac2da30) thrown at [/Users/java_re/workspace/8-2-build-macosx-x86_64/jdk8u121/8372/hotspot/src/share/vm/prims/jni.cpp, line 709]
Event: 0.147 Thread 0x00007fc0fe009000 Exception <a 'java/security/PrivilegedActionException'> (0x000000076af04a30) thrown at [/Users/java_re/workspace/8-2-build-macosx-x86_64/jdk8u121/8372/hotspot/src/share/vm/prims/jvm.cpp, line 1390]
Event: 0.147 Thread 0x00007fc0fe009000 Exception <a 'java/security/PrivilegedActionException'> (0x000000076af04c40) thrown at [/Users/java_re/workspace/8-2-build-macosx-x86_64/jdk8u121/8372/hotspot/src/share/vm/prims/jvm.cpp, line 1390]
Event: 0.148 Thread 0x00007fc0fe009000 Exception <a 'java/security/PrivilegedActionException'> (0x000000076af07f70) thrown at [/Users/java_re/workspace/8-2-build-macosx-x86_64/jdk8u121/8372/hotspot/src/share/vm/prims/jvm.cpp, line 1390]
Event: 0.148 Thread 0x00007fc0fe009000 Exception <a 'java/security/PrivilegedActionException'> (0x000000076af08180) thrown at [/Users/java_re/workspace/8-2-build-macosx-x86_64/jdk8u121/8372/hotspot/src/share/vm/prims/jvm.cpp, line 1390]

Events (10 events):
Event: 0.505 Executing VM operation: GetOrSetLocal
Event: 0.505 Executing VM operation: GetOrSetLocal done
Event: 0.509 Executing VM operation: GetOrSetLocal
Event: 0.509 Executing VM operation: GetOrSetLocal done
Event: 0.512 Executing VM operation: GetOrSetLocal
Event: 0.512 Executing VM operation: GetOrSetLocal done
Event: 0.516 Executing VM operation: GetOrSetLocal
Event: 0.516 Executing VM operation: GetOrSetLocal done
Event: 4.113 Executing VM operation: EnableBiasedLocking
Event: 4.114 Executing VM operation: EnableBiasedLocking done


Dynamic libraries:
0x000000001ea55000 	/System/Library/Frameworks/Cocoa.framework/Versions/A/Cocoa
0x000000001ea55000 	/System/Library/Frameworks/Security.framework/Versions/A/Security
0x000000001ea55000 	/System/Library/Frameworks/ApplicationServices.framework/Versions/A/ApplicationServices
0x000000001ea55000 	/usr/lib/libz.1.dylib
0x000000001ea55000 	/usr/lib/libSystem.B.dylib
0x000000001ea55000 	/usr/lib/libobjc.A.dylib
0x000000001ea55000 	/System/Library/Frameworks/CoreFoundation.framework/Versions/A/CoreFoundation
0x000000001ea55000 	/System/Library/Frameworks/Foundation.framework/Versions/C/Foundation
0x000000001ea55000 	/System/Library/Frameworks/AppKit.framework/Versions/C/AppKit
0x000000001ea55000 	/System/Library/Frameworks/CoreData.framework/Versions/A/CoreData
0x000000001ea55000 	/System/Library/PrivateFrameworks/RemoteViewServices.framework/Versions/A/RemoteViewServices
0x000000001ea55000 	/System/Library/PrivateFrameworks/UIFoundation.framework/Versions/A/UIFoundation
0x000000001ea55000 	/System/Library/PrivateFrameworks/DFRFoundation.framework/Versions/A/DFRFoundation
0x000000001ea55000 	/System/Library/Frameworks/Metal.framework/Versions/A/Metal
0x000000001ea55000 	/System/Library/PrivateFrameworks/DesktopServicesPriv.framework/Versions/A/DesktopServicesPriv
0x000000001ea55000 	/usr/lib/libenergytrace.dylib
0x000000001ea55000 	/System/Library/PrivateFrameworks/SkyLight.framework/Versions/A/SkyLight
0x000000001ea55000 	/System/Library/Frameworks/CoreGraphics.framework/Versions/A/CoreGraphics
0x000000001ea55000 	/usr/lib/libScreenReader.dylib
0x000000001ea55000 	/System/Library/Frameworks/Accelerate.framework/Versions/A/Accelerate
0x000000001ea55000 	/System/Library/Frameworks/IOSurface.framework/Versions/A/IOSurface
0x000000001ea55000 	/System/Library/Frameworks/AudioToolbox.framework/Versions/A/AudioToolbox
0x000000001ea55000 	/System/Library/Frameworks/AudioUnit.framework/Versions/A/AudioUnit
0x000000001ea55000 	/System/Library/PrivateFrameworks/DataDetectorsCore.framework/Versions/A/DataDetectorsCore
0x000000001ea55000 	/System/Library/Frameworks/Carbon.framework/Versions/A/Frameworks/HIToolbox.framework/Versions/A/HIToolbox
0x000000001ea55000 	/usr/lib/libicucore.A.dylib
0x000000001ea55000 	/System/Library/Frameworks/QuartzCore.framework/Versions/A/QuartzCore
0x000000001ea55000 	/System/Library/Frameworks/Carbon.framework/Versions/A/Frameworks/SpeechRecognition.framework/Versions/A/SpeechRecognition
0x000000001ea55000 	/usr/lib/libauto.dylib
0x000000001ea55000 	/usr/lib/libxml2.2.dylib
0x000000001ea55000 	/System/Library/PrivateFrameworks/CoreUI.framework/Versions/A/CoreUI
0x000000001ea55000 	/System/Library/Frameworks/CoreAudio.framework/Versions/A/CoreAudio
0x000000001ea55000 	/System/Library/Frameworks/DiskArbitration.framework/Versions/A/DiskArbitration
0x000000001ea55000 	/usr/lib/liblangid.dylib
0x000000001ea55000 	/System/Library/PrivateFrameworks/MultitouchSupport.framework/Versions/A/MultitouchSupport
0x000000001ea55000 	/System/Library/Frameworks/IOKit.framework/Versions/A/IOKit
0x000000001ea55000 	/usr/lib/libDiagnosticMessagesClient.dylib
0x000000001ea55000 	/System/Library/Frameworks/CoreServices.framework/Versions/A/CoreServices
0x000000001ea55000 	/System/Library/PrivateFrameworks/PerformanceAnalysis.framework/Versions/A/PerformanceAnalysis
0x000000001ea55000 	/System/Library/Frameworks/OpenGL.framework/Versions/A/OpenGL
0x000000001ea55000 	/System/Library/Frameworks/ColorSync.framework/Versions/A/ColorSync
0x000000001ea55000 	/System/Library/Frameworks/CoreImage.framework/Versions/A/CoreImage
0x000000001ea55000 	/System/Library/Frameworks/CoreText.framework/Versions/A/CoreText
0x000000001ea55000 	/System/Library/Frameworks/ImageIO.framework/Versions/A/ImageIO
0x000000001ea55000 	/System/Library/PrivateFrameworks/Backup.framework/Versions/A/Backup
0x000000001ea55000 	/usr/lib/libarchive.2.dylib
0x000000001ea55000 	/System/Library/Frameworks/CFNetwork.framework/Versions/A/CFNetwork
0x000000001ea55000 	/System/Library/Frameworks/SystemConfiguration.framework/Versions/A/SystemConfiguration
0x000000001ea55000 	/usr/lib/libCRFSuite.dylib
0x000000001ea55000 	/usr/lib/libc++.1.dylib
0x000000001ea55000 	/usr/lib/libc++abi.dylib
0x000000001ea55000 	/usr/lib/system/libcache.dylib
0x000000001ea55000 	/usr/lib/system/libcommonCrypto.dylib
0x000000001ea55000 	/usr/lib/system/libcompiler_rt.dylib
0x000000001ea55000 	/usr/lib/system/libcopyfile.dylib
0x000000001ea55000 	/usr/lib/system/libcorecrypto.dylib
0x000000001ea55000 	/usr/lib/system/libdispatch.dylib
0x000000001ea55000 	/usr/lib/system/libdyld.dylib
0x000000001ea55000 	/usr/lib/system/libkeymgr.dylib
0x000000001ea55000 	/usr/lib/system/liblaunch.dylib
0x000000001ea55000 	/usr/lib/system/libmacho.dylib
0x000000001ea55000 	/usr/lib/system/libquarantine.dylib
0x000000001ea55000 	/usr/lib/system/libremovefile.dylib
0x000000001ea55000 	/usr/lib/system/libsystem_asl.dylib
0x000000001ea55000 	/usr/lib/system/libsystem_blocks.dylib
0x000000001ea55000 	/usr/lib/system/libsystem_c.dylib
0x000000001ea55000 	/usr/lib/system/libsystem_configuration.dylib
0x000000001ea55000 	/usr/lib/system/libsystem_coreservices.dylib
0x000000001ea55000 	/usr/lib/system/libsystem_darwin.dylib
0x000000001ea55000 	/usr/lib/system/libsystem_dnssd.dylib
0x000000001ea55000 	/usr/lib/system/libsystem_info.dylib
0x000000001ea55000 	/usr/lib/system/libsystem_m.dylib
0x000000001ea55000 	/usr/lib/system/libsystem_malloc.dylib
0x000000001ea55000 	/usr/lib/system/libsystem_network.dylib
0x000000001ea55000 	/usr/lib/system/libsystem_networkextension.dylib
0x000000001ea55000 	/usr/lib/system/libsystem_notify.dylib
0x000000001ea55000 	/usr/lib/system/libsystem_sandbox.dylib
0x000000001ea55000 	/usr/lib/system/libsystem_secinit.dylib
0x000000001ea55000 	/usr/lib/system/libsystem_kernel.dylib
0x000000001ea55000 	/usr/lib/system/libsystem_platform.dylib
0x000000001ea55000 	/usr/lib/system/libsystem_pthread.dylib
0x000000001ea55000 	/usr/lib/system/libsystem_symptoms.dylib
0x000000001ea55000 	/usr/lib/system/libsystem_trace.dylib
0x000000001ea55000 	/usr/lib/system/libunwind.dylib
0x000000001ea55000 	/usr/lib/system/libxpc.dylib
0x000000001ea55000 	/usr/lib/closure/libclosured.dylib
0x000000001ea55000 	/usr/lib/libbsm.0.dylib
0x000000001ea55000 	/usr/lib/system/libkxld.dylib
0x000000001ea55000 	/usr/lib/libOpenScriptingUtil.dylib
0x000000001ea55000 	/usr/lib/libcoretls.dylib
0x000000001ea55000 	/usr/lib/libcoretls_cfhelpers.dylib
0x000000001ea55000 	/usr/lib/libpam.2.dylib
0x000000001ea55000 	/usr/lib/libsqlite3.dylib
0x000000001ea55000 	/usr/lib/libxar.1.dylib
0x000000001ea55000 	/usr/lib/libbz2.1.0.dylib
0x000000001ea55000 	/usr/lib/liblzma.5.dylib
0x000000001ea55000 	/usr/lib/libnetwork.dylib
0x000000001ea55000 	/usr/lib/libapple_nghttp2.dylib
0x000000001ea55000 	/usr/lib/libpcap.A.dylib
0x000000001ea55000 	/usr/lib/libboringssl.dylib
0x000000001ea55000 	/usr/lib/libusrtcp.dylib
0x000000001ea55000 	/usr/lib/libapple_crypto.dylib
0x000000001ea55000 	/System/Library/Frameworks/CoreServices.framework/Versions/A/Frameworks/FSEvents.framework/Versions/A/FSEvents
0x000000001ea55000 	/System/Library/Frameworks/CoreServices.framework/Versions/A/Frameworks/CarbonCore.framework/Versions/A/CarbonCore
0x000000001ea55000 	/System/Library/Frameworks/CoreServices.framework/Versions/A/Frameworks/Metadata.framework/Versions/A/Metadata
0x000000001ea55000 	/System/Library/Frameworks/CoreServices.framework/Versions/A/Frameworks/OSServices.framework/Versions/A/OSServices
0x000000001ea55000 	/System/Library/Frameworks/CoreServices.framework/Versions/A/Frameworks/SearchKit.framework/Versions/A/SearchKit
0x000000001ea55000 	/System/Library/Frameworks/CoreServices.framework/Versions/A/Frameworks/AE.framework/Versions/A/AE
0x000000001ea55000 	/System/Library/Frameworks/CoreServices.framework/Versions/A/Frameworks/LaunchServices.framework/Versions/A/LaunchServices
0x000000001ea55000 	/System/Library/Frameworks/CoreServices.framework/Versions/A/Frameworks/DictionaryServices.framework/Versions/A/DictionaryServices
0x000000001ea55000 	/System/Library/Frameworks/CoreServices.framework/Versions/A/Frameworks/SharedFileList.framework/Versions/A/SharedFileList
0x000000001ea55000 	/System/Library/Frameworks/NetFS.framework/Versions/A/NetFS
0x000000001ea55000 	/System/Library/PrivateFrameworks/NetAuth.framework/Versions/A/NetAuth
0x000000001ea55000 	/System/Library/PrivateFrameworks/login.framework/Versions/A/Frameworks/loginsupport.framework/Versions/A/loginsupport
0x000000001ea55000 	/System/Library/PrivateFrameworks/TCC.framework/Versions/A/TCC
0x000000001ea55000 	/usr/lib/libmecabra.dylib
0x000000001ea55000 	/System/Library/Frameworks/ApplicationServices.framework/Versions/A/Frameworks/ATS.framework/Versions/A/ATS
0x000000001ea55000 	/System/Library/Frameworks/ApplicationServices.framework/Versions/A/Frameworks/ColorSyncLegacy.framework/Versions/A/ColorSyncLegacy
0x000000001ea55000 	/System/Library/Frameworks/ApplicationServices.framework/Versions/A/Frameworks/HIServices.framework/Versions/A/HIServices
0x000000001ea55000 	/System/Library/Frameworks/ApplicationServices.framework/Versions/A/Frameworks/LangAnalysis.framework/Versions/A/LangAnalysis
0x000000001ea55000 	/System/Library/Frameworks/ApplicationServices.framework/Versions/A/Frameworks/PrintCore.framework/Versions/A/PrintCore
0x000000001ea55000 	/System/Library/Frameworks/ApplicationServices.framework/Versions/A/Frameworks/QD.framework/Versions/A/QD
0x000000001ea55000 	/System/Library/Frameworks/ApplicationServices.framework/Versions/A/Frameworks/SpeechSynthesis.framework/Versions/A/SpeechSynthesis
0x000000001ea55000 	/System/Library/Frameworks/CoreDisplay.framework/Versions/A/CoreDisplay
0x000000001ea55000 	/System/Library/Frameworks/Accelerate.framework/Versions/A/Frameworks/vImage.framework/Versions/A/vImage
0x000000001ea55000 	/System/Library/Frameworks/Accelerate.framework/Versions/A/Frameworks/vecLib.framework/Versions/A/vecLib
0x000000001ea55000 	/System/Library/Frameworks/Accelerate.framework/Versions/A/Frameworks/vecLib.framework/Versions/A/libvDSP.dylib
0x000000001ea55000 	/System/Library/Frameworks/Accelerate.framework/Versions/A/Frameworks/vecLib.framework/Versions/A/libBNNS.dylib
0x000000001ea55000 	/System/Library/Frameworks/Accelerate.framework/Versions/A/Frameworks/vecLib.framework/Versions/A/libQuadrature.dylib
0x000000001ea55000 	/System/Library/Frameworks/Accelerate.framework/Versions/A/Frameworks/vecLib.framework/Versions/A/libvMisc.dylib
0x000000001ea55000 	/System/Library/Frameworks/Accelerate.framework/Versions/A/Frameworks/vecLib.framework/Versions/A/libLAPACK.dylib
0x000000001ea55000 	/System/Library/Frameworks/Accelerate.framework/Versions/A/Frameworks/vecLib.framework/Versions/A/libBLAS.dylib
0x000000001ea55000 	/System/Library/Frameworks/Accelerate.framework/Versions/A/Frameworks/vecLib.framework/Versions/A/libLinearAlgebra.dylib
0x000000001ea55000 	/System/Library/Frameworks/Accelerate.framework/Versions/A/Frameworks/vecLib.framework/Versions/A/libSparse.dylib
0x000000001ea55000 	/System/Library/Frameworks/Accelerate.framework/Versions/A/Frameworks/vecLib.framework/Versions/A/libSparseBLAS.dylib
0x000000001ea55000 	/System/Library/PrivateFrameworks/IOAccelerator.framework/Versions/A/IOAccelerator
0x000000001ea55000 	/System/Library/PrivateFrameworks/IOPresentment.framework/Versions/A/IOPresentment
0x000000001ea55000 	/System/Library/PrivateFrameworks/DSExternalDisplay.framework/Versions/A/DSExternalDisplay
0x000000001ea55000 	/System/Library/Frameworks/OpenGL.framework/Versions/A/Libraries/libCoreFSCache.dylib
0x000000001ea55000 	/System/Library/Frameworks/CoreVideo.framework/Versions/A/CoreVideo
0x000000001ea55000 	/System/Library/PrivateFrameworks/GraphVisualizer.framework/Versions/A/GraphVisualizer
0x000000001ea55000 	/System/Library/Frameworks/MetalPerformanceShaders.framework/Versions/A/MetalPerformanceShaders
0x000000001ea55000 	/usr/lib/libFosl_dynamic.dylib
0x000000001ea55000 	/System/Library/PrivateFrameworks/FaceCore.framework/Versions/A/FaceCore
0x000000001ea55000 	/System/Library/Frameworks/OpenCL.framework/Versions/A/OpenCL
0x000000001ea55000 	/usr/lib/libcompression.dylib
0x000000001ea55000 	/System/Library/Frameworks/ApplicationServices.framework/Versions/A/Frameworks/ATS.framework/Versions/A/Resources/libFontParser.dylib
0x000000001ea55000 	/System/Library/Frameworks/ApplicationServices.framework/Versions/A/Frameworks/ATS.framework/Versions/A/Resources/libFontRegistry.dylib
0x000000001ea55000 	/System/Library/Frameworks/ImageIO.framework/Versions/A/Resources/libJPEG.dylib
0x000000001ea55000 	/System/Library/Frameworks/ImageIO.framework/Versions/A/Resources/libTIFF.dylib
0x000000001ea55000 	/System/Library/Frameworks/ImageIO.framework/Versions/A/Resources/libPng.dylib
0x000000001ea55000 	/System/Library/Frameworks/ImageIO.framework/Versions/A/Resources/libGIF.dylib
0x000000001ea55000 	/System/Library/Frameworks/ImageIO.framework/Versions/A/Resources/libJP2.dylib
0x000000001ea55000 	/System/Library/Frameworks/ImageIO.framework/Versions/A/Resources/libRadiance.dylib
0x000000001ea55000 	/System/Library/PrivateFrameworks/AppleJPEG.framework/Versions/A/AppleJPEG
0x000000001ea55000 	/System/Library/PrivateFrameworks/MetalTools.framework/Versions/A/MetalTools
0x000000001ea55000 	/System/Library/Frameworks/MetalPerformanceShaders.framework/Frameworks/MPSCore.framework/Versions/A/MPSCore
0x000000001ea55000 	/System/Library/Frameworks/MetalPerformanceShaders.framework/Frameworks/MPSImage.framework/Versions/A/MPSImage
0x000000001ea55000 	/System/Library/Frameworks/MetalPerformanceShaders.framework/Frameworks/MPSMatrix.framework/Versions/A/MPSMatrix
0x000000001ea55000 	/System/Library/Frameworks/MetalPerformanceShaders.framework/Frameworks/MPSNeuralNetwork.framework/Versions/A/MPSNeuralNetwork
0x000000001ea55000 	/System/Library/Frameworks/OpenGL.framework/Versions/A/Libraries/libGLU.dylib
0x000000001ea55000 	/System/Library/Frameworks/OpenGL.framework/Versions/A/Libraries/libGFXShared.dylib
0x000000001ea55000 	/System/Library/Frameworks/OpenGL.framework/Versions/A/Libraries/libGL.dylib
0x000000001ea55000 	/System/Library/Frameworks/OpenGL.framework/Versions/A/Libraries/libGLImage.dylib
0x000000001ea55000 	/System/Library/Frameworks/OpenGL.framework/Versions/A/Libraries/libCVMSPluginSupport.dylib
0x000000001ea55000 	/System/Library/Frameworks/OpenGL.framework/Versions/A/Libraries/libCoreVMClient.dylib
0x000000001ea55000 	/usr/lib/libcups.2.dylib
0x000000001ea55000 	/System/Library/Frameworks/Kerberos.framework/Versions/A/Kerberos
0x000000001ea55000 	/System/Library/Frameworks/GSS.framework/Versions/A/GSS
0x000000001ea55000 	/usr/lib/libresolv.9.dylib
0x000000001ea55000 	/usr/lib/libiconv.2.dylib
0x000000001ea55000 	/System/Library/PrivateFrameworks/Heimdal.framework/Versions/A/Heimdal
0x000000001ea55000 	/usr/lib/libheimdal-asn1.dylib
0x000000001ea55000 	/System/Library/Frameworks/OpenDirectory.framework/Versions/A/OpenDirectory
0x000000001ea55000 	/System/Library/PrivateFrameworks/CommonAuth.framework/Versions/A/CommonAuth
0x000000001ea55000 	/System/Library/Frameworks/OpenDirectory.framework/Versions/A/Frameworks/CFOpenDirectory.framework/Versions/A/CFOpenDirectory
0x000000001ea55000 	/System/Library/Frameworks/SecurityFoundation.framework/Versions/A/SecurityFoundation
0x000000001ea55000 	/System/Library/PrivateFrameworks/APFS.framework/Versions/A/APFS
0x000000001ea55000 	/usr/lib/libutil.dylib
0x000000001ea55000 	/System/Library/PrivateFrameworks/AppleSauce.framework/Versions/A/AppleSauce
0x000000001ea55000 	/System/Library/PrivateFrameworks/LinguisticData.framework/Versions/A/LinguisticData
0x000000001ea55000 	/usr/lib/libmarisa.dylib
0x000000001ea55000 	/System/Library/PrivateFrameworks/Lexicon.framework/Versions/A/Lexicon
0x000000001ea55000 	/usr/lib/libChineseTokenizer.dylib
0x000000001ea55000 	/usr/lib/libcmph.dylib
0x000000001ea55000 	/System/Library/PrivateFrameworks/LanguageModeling.framework/Versions/A/LanguageModeling
0x000000001ea55000 	/System/Library/PrivateFrameworks/CoreEmoji.framework/Versions/A/CoreEmoji
0x000000001ea55000 	/System/Library/Frameworks/ServiceManagement.framework/Versions/A/ServiceManagement
0x000000001ea55000 	/System/Library/PrivateFrameworks/BackgroundTaskManagement.framework/Versions/A/BackgroundTaskManagement
0x000000001ea55000 	/usr/lib/libxslt.1.dylib
0x000000001ea55000 	/System/Library/Frameworks/Carbon.framework/Versions/A/Frameworks/Ink.framework/Versions/A/Ink
0x000000001ea55000 	/System/Library/PrivateFrameworks/TextureIO.framework/Versions/A/TextureIO
0x000000001ea55000 	/usr/lib/libate.dylib
0x000000001ea55000 	/System/Library/PrivateFrameworks/CrashReporterSupport.framework/Versions/A/CrashReporterSupport
0x000000001ea55000 	/System/Library/PrivateFrameworks/Sharing.framework/Versions/A/Sharing
0x000000001ea55000 	/System/Library/PrivateFrameworks/IconServices.framework/Versions/A/IconServices
0x000000001ea55000 	/System/Library/PrivateFrameworks/ProtocolBuffer.framework/Versions/A/ProtocolBuffer
0x000000001ea55000 	/System/Library/PrivateFrameworks/Apple80211.framework/Versions/A/Apple80211
0x000000001ea55000 	/System/Library/Frameworks/CoreWLAN.framework/Versions/A/CoreWLAN
0x000000001ea55000 	/System/Library/PrivateFrameworks/CoreUtils.framework/Versions/A/CoreUtils
0x000000001ea55000 	/System/Library/Frameworks/IOBluetooth.framework/Versions/A/IOBluetooth
0x000000001ea55000 	/System/Library/PrivateFrameworks/CoreWiFi.framework/Versions/A/CoreWiFi
0x000000001ea55000 	/System/Library/Frameworks/CoreBluetooth.framework/Versions/A/CoreBluetooth
0x000000001ea55000 	/System/Library/PrivateFrameworks/SignpostNotification.framework/Versions/A/SignpostNotification
0x000000001ea55000 	/System/Library/PrivateFrameworks/DebugSymbols.framework/Versions/A/DebugSymbols
0x000000001ea55000 	/System/Library/PrivateFrameworks/CoreSymbolication.framework/Versions/A/CoreSymbolication
0x000000001ea55000 	/System/Library/PrivateFrameworks/Symbolication.framework/Versions/A/Symbolication
0x000000001ea55000 	/System/Library/PrivateFrameworks/AppleFSCompression.framework/Versions/A/AppleFSCompression
0x000000001ea55000 	/System/Library/PrivateFrameworks/SpeechRecognitionCore.framework/Versions/A/SpeechRecognitionCore
0x000000001ea55000 	/System/Library/CoreServices/Encodings/libSimplifiedChineseConverter.dylib
0x000000010fc00000 	/Library/Java/JavaVirtualMachines/jdk1.8.0_121.jdk/Contents/Home/jre/lib/server/libjvm.dylib
0x000000001ea55000 	/usr/lib/libstdc++.6.0.9.dylib
0x000000010ea2b000 	/Library/Java/JavaVirtualMachines/jdk1.8.0_121.jdk/Contents/Home/jre/lib/libverify.dylib
0x000000010ea39000 	/Library/Java/JavaVirtualMachines/jdk1.8.0_121.jdk/Contents/Home/jre/lib/libjava.dylib
0x000000010ea6f000 	/Library/Java/JavaVirtualMachines/jdk1.8.0_121.jdk/Contents/Home/jre/lib/libjdwp.dylib
0x000000010eaba000 	/Library/Java/JavaVirtualMachines/jdk1.8.0_121.jdk/Contents/Home/jre/lib/libnpt.dylib
0x000000010eb07000 	/Library/Java/JavaVirtualMachines/jdk1.8.0_121.jdk/Contents/Home/jre/lib/libzip.dylib
0x000000001ea55000 	/System/Library/Frameworks/JavaVM.framework/Versions/A/Frameworks/JavaRuntimeSupport.framework/Versions/A/JavaRuntimeSupport
0x000000001ea55000 	/System/Library/Frameworks/JavaVM.framework/Versions/A/Frameworks/JavaNativeFoundation.framework/Versions/A/JavaNativeFoundation
0x000000001ea55000 	/System/Library/Frameworks/JavaVM.framework/Versions/A/JavaVM
0x000000001ea55000 	/System/Library/Frameworks/Carbon.framework/Versions/A/Carbon
0x000000001ea55000 	/System/Library/PrivateFrameworks/JavaLaunching.framework/Versions/A/JavaLaunching
0x000000001ea55000 	/System/Library/Frameworks/Carbon.framework/Versions/A/Frameworks/CommonPanels.framework/Versions/A/CommonPanels
0x000000001ea55000 	/System/Library/Frameworks/Carbon.framework/Versions/A/Frameworks/Help.framework/Versions/A/Help
0x000000001ea55000 	/System/Library/Frameworks/Carbon.framework/Versions/A/Frameworks/ImageCapture.framework/Versions/A/ImageCapture
0x000000001ea55000 	/System/Library/Frameworks/Carbon.framework/Versions/A/Frameworks/OpenScripting.framework/Versions/A/OpenScripting
0x000000001ea55000 	/System/Library/Frameworks/Carbon.framework/Versions/A/Frameworks/Print.framework/Versions/A/Print
0x000000001ea55000 	/System/Library/Frameworks/Carbon.framework/Versions/A/Frameworks/SecurityHI.framework/Versions/A/SecurityHI
0x000000010ebec000 	/Library/Java/JavaVirtualMachines/jdk1.8.0_121.jdk/Contents/Home/jre/lib/libdt_socket.dylib

VM Arguments:
jvm_args: -agentlib:jdwp=transport=dt_socket,address=127.0.0.1:60298,suspend=y,server=n -Dfile.encoding=UTF-8 
java_command: com.intellij.rt.execution.junit.JUnitStarter -ideVersion5 TestUnsafe,addressOperate
java_class_path (initial): /Applications/IntelliJ IDEA.app/Contents/lib/idea_rt.jar:/Applications/IntelliJ IDEA.app/Contents/plugins/junit/lib/junit-rt.jar:/Library/Java/JavaVirtualMachines/jdk1.8.0_121.jdk/Contents/Home/jre/lib/charsets.jar:/Library/Java/JavaVirtualMachines/jdk1.8.0_121.jdk/Contents/Home/jre/lib/deploy.jar:/Library/Java/JavaVirtualMachines/jdk1.8.0_121.jdk/Contents/Home/jre/lib/ext/cldrdata.jar:/Library/Java/JavaVirtualMachines/jdk1.8.0_121.jdk/Contents/Home/jre/lib/ext/dnsns.jar:/Library/Java/JavaVirtualMachines/jdk1.8.0_121.jdk/Contents/Home/jre/lib/ext/jaccess.jar:/Library/Java/JavaVirtualMachines/jdk1.8.0_121.jdk/Contents/Home/jre/lib/ext/jfxrt.jar:/Library/Java/JavaVirtualMachines/jdk1.8.0_121.jdk/Contents/Home/jre/lib/ext/localedata.jar:/Library/Java/JavaVirtualMachines/jdk1.8.0_121.jdk/Contents/Home/jre/lib/ext/nashorn.jar:/Library/Java/JavaVirtualMachines/jdk1.8.0_121.jdk/Contents/Home/jre/lib/ext/sunec.jar:/Library/Java/JavaVirtualMachines/jdk1.8.0_121.jdk/Contents/Home/jre/lib/ext/sunjce_provider.jar:/Library/Java/JavaVirtualMachines/jdk1.8.0_121.jdk/Contents/Home/jre/lib/ext/sunpkcs11.jar:/Library/Java/JavaVirtualMachines/jdk1.8.0_121.jdk/Contents/Home/jre/lib/ext/zipfs.jar:/Library/Java/JavaVirtualMachines/jdk1.8.0_121.jdk/Contents/Home/jre/lib/javaws.jar:/Library/Java/JavaVirtualMachines/jdk1.8.0_121.jdk/Contents/Home/jre/lib/jce.jar:/Library/Java/JavaVirtualMachines/jdk1.8.0_121.jdk/Contents/Home/jre/lib/jfr.jar:/Library/Java/JavaVirtualMachines/jdk1.8.0_121.jdk/Contents/Home/jre/lib/jfxswt.jar:/Library/Java/JavaVirtualMachines/jdk1.8.0_121.jdk/Contents/Home/jre/lib/jsse.jar:/Library/Java/JavaVirtualMachines/jdk1.8.0_121.jdk/Contents/Home/jre/lib/management-agent.jar:/Library/Java/JavaVirtualMachines/jdk1.8.0_121.jdk/Contents/Home/jre/lib/plugin.jar:/Library/Java/JavaVirtualMachines/jdk1.8.0_121.jdk/Contents/Home/jre/lib/resources.jar:/Library/Java/JavaVirtualMachines/jdk1.8.0_121.jdk/Contents/Home/jre/lib/rt.jar:/Library/Java/JavaV
Launcher Type: SUN_STANDARD

Environment Variables:
PATH=/Library/Frameworks/Python.framework/Versions/3.6/bin:/Library/Frameworks/Python.framework/Versions/3.6/bin:/opt/local/bin:/opt/local/sbin:/Users/gezz/dev/apache-maven-3.3.9/bin:/usr/local/bin:/usr/bin:/bin:/usr/sbin:/sbin:/usr/local/mysql/bin:/usr/local/Cellar/mongodb/3.4.4/bin
SHELL=/bin/bash

Signal Handlers:
SIGSEGV: [libjvm.dylib+0x5b1141], sa_mask[0]=11111111011111110111111111111111, sa_flags=SA_ONSTACK|SA_RESTART|SA_SIGINFO
SIGBUS: [libjvm.dylib+0x5b1141], sa_mask[0]=11111111011111110111111111111111, sa_flags=SA_RESTART|SA_SIGINFO
SIGFPE: [libjvm.dylib+0x487bc4], sa_mask[0]=11111111011111110111111111111111, sa_flags=SA_RESTART|SA_SIGINFO
SIGPIPE: [libjvm.dylib+0x487bc4], sa_mask[0]=11111111011111110111111111111111, sa_flags=SA_RESTART|SA_SIGINFO
SIGXFSZ: [libjvm.dylib+0x487bc4], sa_mask[0]=11111111011111110111111111111111, sa_flags=SA_RESTART|SA_SIGINFO
SIGILL: [libjvm.dylib+0x487bc4], sa_mask[0]=11111111011111110111111111111111, sa_flags=SA_RESTART|SA_SIGINFO
SIGUSR1: SIG_DFL, sa_mask[0]=00000000000000000000000000000000, sa_flags=none
SIGUSR2: [libjvm.dylib+0x4876e2], sa_mask[0]=00100000000000000000000000000000, sa_flags=SA_RESTART|SA_SIGINFO
SIGHUP: [libjvm.dylib+0x485cb9], sa_mask[0]=11111111011111110111111111111111, sa_flags=SA_RESTART|SA_SIGINFO
SIGINT: [libjvm.dylib+0x485cb9], sa_mask[0]=11111111011111110111111111111111, sa_flags=SA_RESTART|SA_SIGINFO
SIGTERM: [libjvm.dylib+0x485cb9], sa_mask[0]=11111111011111110111111111111111, sa_flags=SA_RESTART|SA_SIGINFO
SIGQUIT: [libjvm.dylib+0x485cb9], sa_mask[0]=11111111011111110111111111111111, sa_flags=SA_RESTART|SA_SIGINFO


---------------  S Y S T E M  ---------------

OS:Bsduname:Darwin 17.2.0 Darwin Kernel Version 17.2.0: Fri Sep 29 18:27:05 PDT 2017; root:xnu-4570.20.62~3/RELEASE_X86_64 x86_64
rlimit: STACK 8192k, CORE 0k, NPROC 1418, NOFILE 10240, AS infinity
load average:2.49 2.30 2.22

CPU:total 8 (4 cores per cpu, 2 threads per core) family 6 model 70 stepping 1, cmov, cx8, fxsr, mmx, sse, sse2, sse3, ssse3, sse4.1, sse4.2, popcnt, avx, avx2, aes, clmul, erms, lzcnt, ht, tsc, tscinvbit, bmi1, bmi2

Memory: 4k page, physical 16777216k(3318068k free)

/proc/meminfo:


vm_info: Java HotSpot(TM) 64-Bit Server VM (25.121-b13) for bsd-amd64 JRE (1.8.0_121-b13), built on Dec 12 2016 20:39:32 by "java_re" with gcc 4.2.1 (Based on Apple Inc. build 5658) (LLVM build 2336.11.00)

time: Tue May 15 18:34:19 2018
elapsed time: 9 seconds (0d 0h 0m 9s)

